--- Electron Debug Log Started ---
[2026-03-17T06:59:56.269Z] [ImageProcessor] Cache directory initialized: /Users/suf1234/Library/Application Support/Electron/image_cache
[2026-03-17T07:00:01.829Z] [Protocol] Fetching: local-file://local/Users/suf1234/%E7%85%A7%E7%89%87%E5%A4%87%E4%BB%BD/2023%E5%B9%B412%E6%9C%8829%E6%97%A5/IMG_6866.HEIC?type=thumbnail&size=300 | isThumbnail: true | size: 300 | filePath: /Users/suf1234/照片备份/2023年12月29日/IMG_6866.HEIC | macosThumbnail: true
[2026-03-17T07:00:02.445Z] [Protocol] Fetching: local-file://local/Users/suf1234/%E7%85%A7%E7%89%87%E5%A4%87%E4%BB%BD/2023%E5%B9%B412%E6%9C%8829%E6%97%A5/IMG_6866.mov?type=thumbnail&size=300 | isThumbnail: true | size: 300 | filePath: /Users/suf1234/照片备份/2023年12月29日/IMG_6866.mov | macosThumbnail: true
[2026-03-17T07:00:02.447Z] [Protocol] Native thumbnail generation failed for /Users/suf1234/照片备份/2023年12月29日/IMG_6866.mov: Failed to create thumbnail
[2026-03-17T07:00:02.456Z] [Protocol] Fetching: local-file://local/Users/suf1234/%E7%85%A7%E7%89%87%E5%A4%87%E4%BB%BD/2023%E5%B9%B412%E6%9C%8829%E6%97%A5/IMG_6867.HEIC?type=thumbnail&size=300 | isThumbnail: true | size: 300 | filePath: /Users/suf1234/照片备份/2023年12月29日/IMG_6867.HEIC | macosThumbnail: true
[2026-03-17T07:00:02.906Z] [Protocol] Fetching: local-file://local/Users/suf1234/%E7%85%A7%E7%89%87%E5%A4%87%E4%BB%BD/2023%E5%B9%B412%E6%9C%8829%E6%97%A5/IMG_6867.mov?type=thumbnail&size=300 | isThumbnail: true | size: 300 | filePath: /Users/suf1234/照片备份/2023年12月29日/IMG_6867.mov | macosThumbnail: true
[2026-03-17T07:00:02.907Z] [Protocol] Native thumbnail generation failed for /Users/suf1234/照片备份/2023年12月29日/IMG_6867.mov: Failed to create thumbnail
[2026-03-17T07:00:02.909Z] [Protocol] Fetching: local-file://local/Users/suf1234/%E7%85%A7%E7%89%87%E5%A4%87%E4%BB%BD/2023%E5%B9%B412%E6%9C%8829%E6%97%A5/IMG_6870.HEIC?type=thumbnail&size=300 | isThumbnail: true | size: 300 | filePath: /Users/suf1234/照片备份/2023年12月29日/IMG_6870.HEIC | macosThumbnail: true
[2026-03-17T07:00:03.363Z] [Protocol] Fetching: local-file://local/Users/suf1234/%E7%85%A7%E7%89%87%E5%A4%87%E4%BB%BD/2023%E5%B9%B412%E6%9C%8829%E6%97%A5/IMG_6870.mov?type=thumbnail&size=300 | isThumbnail: true | size: 300 | filePath: /Users/suf1234/照片备份/2023年12月29日/IMG_6870.mov | macosThumbnail: true
[2026-03-17T07:00:03.365Z] [Protocol] Native thumbnail generation failed for /Users/suf1234/照片备份/2023年12月29日/IMG_6870.mov: Failed to create thumbnail
[2026-03-17T07:00:06.777Z] [Protocol] Fetching: local-file://local/Users/suf1234/%E7%85%A7%E7%89%87%E5%A4%87%E4%BB%BD/2023%E5%B9%B412%E6%9C%8828%E6%97%A5/IMG_6865.HEIC?type=thumbnail&size=300 | isThumbnail: true | size: 300 | filePath: /Users/suf1234/照片备份/2023年12月28日/IMG_6865.HEIC | macosThumbnail: true
[2026-03-17T07:00:07.191Z] [Protocol] Fetching: local-file://local/Users/suf1234/%E7%85%A7%E7%89%87%E5%A4%87%E4%BB%BD/2023%E5%B9%B412%E6%9C%8828%E6%97%A5/IMG_6865.mov?type=thumbnail&size=300 | isThumbnail: true | size: 300 | filePath: /Users/suf1234/照片备份/2023年12月28日/IMG_6865.mov | macosThumbnail: true
[2026-03-17T07:00:07.192Z] [Protocol] Native thumbnail generation failed for /Users/suf1234/照片备份/2023年12月28日/IMG_6865.mov: Failed to create thumbnail
[2026-03-17T07:00:07.194Z] [Protocol] Fetching: local-file://local/Users/suf1234/%E7%85%A7%E7%89%87%E5%A4%87%E4%BB%BD/2023%E5%B9%B412%E6%9C%8827%E6%97%A5/IMG_6860.HEIC?type=thumbnail&size=300 | isThumbnail: true | size: 300 | filePath: /Users/suf1234/照片备份/2023年12月27日/IMG_6860.HEIC | macosThumbnail: true
[2026-03-17T07:00:07.639Z] [Protocol] Fetching: local-file://local/Users/suf1234/%E7%85%A7%E7%89%87%E5%A4%87%E4%BB%BD/2023%E5%B9%B412%E6%9C%8827%E6%97%A5/IMG_6860.mov?type=thumbnail&size=300 | isThumbnail: true | size: 300 | filePath: /Users/suf1234/照片备份/2023年12月27日/IMG_6860.mov | macosThumbnail: true
[2026-03-17T07:00:07.641Z] [Protocol] Native thumbnail generation failed for /Users/suf1234/照片备份/2023年12月27日/IMG_6860.mov: Failed to create thumbnail
[2026-03-17T07:00:07.642Z] [Protocol] Fetching: local-file://local/Users/suf1234/%E7%85%A7%E7%89%87%E5%A4%87%E4%BB%BD/2023%E5%B9%B412%E6%9C%8827%E6%97%A5/IMG_6861.HEIC?type=thumbnail&size=300 | isThumbnail: true | size: 300 | filePath: /Users/suf1234/照片备份/2023年12月27日/IMG_6861.HEIC | macosThumbnail: true
[2026-03-17T07:00:08.106Z] [Protocol] Fetching: local-file://local/Users/suf1234/%E7%85%A7%E7%89%87%E5%A4%87%E4%BB%BD/2023%E5%B9%B412%E6%9C%8827%E6%97%A5/IMG_6861.mov?type=thumbnail&size=300 | isThumbnail: true | size: 300 | filePath: /Users/suf1234/照片备份/2023年12月27日/IMG_6861.mov | macosThumbnail: true
[2026-03-17T07:00:08.107Z] [Protocol] Native thumbnail generation failed for /Users/suf1234/照片备份/2023年12月27日/IMG_6861.mov: Failed to create thumbnail
